


ARM Macro Assembler    Page 1 


    1 00000000                 AREA             RESET,DATA,READONLY
    2 00000000                 EXPORT           __Vectors
    3 00000000         __Vectors
    4 00000000 10001000        DCD              0x10001000
    5 00000004 00000000        DCD              Reset_Handler
    6 00000008                 ALIGN
    7 00000008                 AREA             mycode,CODE,READONLY
    8 00000000         ENTRY
    9 00000000                 EXPORT           Reset_Handler
   10 00000000         Reset_Handler
   11 00000000         
   12 00000000 490A            LDR              R1,=BCD
   13 00000002 6809            LDR              R1,[R1]
   14 00000004 F04F 030F       MOV              R3,#0X0F
   15 00000008 F04F 0401       MOV              R4,#1
   16 0000000C F04F 060A       MOV              R6,#0XA
   17 00000010         LOOP
   18 00000010 EA01 0203       AND              R2,R1,R3
   19 00000014 FB02 F204       MUL              R2,R4
   20 00000018 FB04 F406       MUL              R4,R6
   21 0000001C 4415            ADD              R5,R2
   22 0000001E 0909            LSRS             R1,#4
   23 00000020 D1F6            BNE              LOOP
   24 00000022         
   25 00000022 4E03            LDR              R6,=RES
   26 00000024 6035            STR              R5,[R6]
   27 00000026         
   28 00000026         STOP
   29 00000026 E7FE            B                STOP
   30 00000028         
   31 00000028         
   32 00000028         
   33 00000028 00004095 
                       BCD     DCD              0X4095
   34 0000002C         
   35 0000002C 00000000 
              00000000         AREA             mydata,DATA,READWRITE
   36 00000000 00000000 
                       RES     DCD              0
   37 00000004         
   38 00000004                 END
Command Line: --debug --xref --cpu=Cortex-M3 --apcs=interwork --depend=bcdtohex
.d -obcdtohex.o -IC:\Keil\ARM\RV31\INC -IC:\Keil\ARM\CMSIS\Include -IC:\Keil\AR
M\Inc\NXP\LPC17xx --predefine="__EVAL SETA 1" --list=bcdtohex.lst bcdtohex.s



ARM Macro Assembler    Page 1 Alphabetic symbol ordering
Relocatable symbols

RESET 00000000

Symbol: RESET
   Definitions
      At line 1 in file bcdtohex.s
   Uses
      None
Comment: RESET unused
__Vectors 00000000

Symbol: __Vectors
   Definitions
      At line 3 in file bcdtohex.s
   Uses
      At line 2 in file bcdtohex.s
Comment: __Vectors used once
2 symbols



ARM Macro Assembler    Page 1 Alphabetic symbol ordering
Relocatable symbols

BCD 00000028

Symbol: BCD
   Definitions
      At line 33 in file bcdtohex.s
   Uses
      At line 12 in file bcdtohex.s
Comment: BCD used once
ENTRY 00000000

Symbol: ENTRY
   Definitions
      At line 8 in file bcdtohex.s
   Uses
      None
Comment: ENTRY unused
LOOP 00000010

Symbol: LOOP
   Definitions
      At line 17 in file bcdtohex.s
   Uses
      At line 23 in file bcdtohex.s
Comment: LOOP used once
Reset_Handler 00000000

Symbol: Reset_Handler
   Definitions
      At line 10 in file bcdtohex.s
   Uses
      At line 5 in file bcdtohex.s
      At line 9 in file bcdtohex.s

STOP 00000026

Symbol: STOP
   Definitions
      At line 28 in file bcdtohex.s
   Uses
      At line 29 in file bcdtohex.s
Comment: STOP used once
mycode 00000000

Symbol: mycode
   Definitions
      At line 7 in file bcdtohex.s
   Uses
      None
Comment: mycode unused
6 symbols



ARM Macro Assembler    Page 1 Alphabetic symbol ordering
Relocatable symbols

RES 00000000

Symbol: RES
   Definitions
      At line 36 in file bcdtohex.s
   Uses
      At line 25 in file bcdtohex.s
Comment: RES used once
mydata 00000000

Symbol: mydata
   Definitions
      At line 35 in file bcdtohex.s
   Uses
      None
Comment: mydata unused
2 symbols
343 symbols in table
