


ARM Macro Assembler    Page 1 


    1 00000000                 AREA             RESET, DATA, READONLY
    2 00000000                 EXPORT           __Vectors
    3 00000000         __Vectors
    4 00000000 40001000        DCD              0x40001000  ; stack pointer val
                                                            ue when stack is em
                                                            pty
    5 00000004 00000000        DCD              Reset_Handler ; reset vector
    6 00000008                 ALIGN
    7 00000008                 AREA             mycode, CODE, READONLY
    8 00000000         ENTRY
    9 00000000                 EXPORT           Reset_Handler
   10 00000000         Reset_Handler
   11 00000000         
   12 00000000         
   13 00000000 480B            LDR              R0,=NUM
   14 00000002 4B0C            LDR              R3,=RESULT
   15 00000004 6801            LDR              R1,[R0]     ; load hex number i
                                                            nto register R1
   16 00000006 F001 020F       AND              R2,R1,#0x0F ; mask upper 4 bits
                                                            
   17 0000000A 2A09            CMP              R2,#9
   18 0000000C BF88 3237       ADDHI            R2,#0X37
   19 00000010 BF38 3230       ADDLO            R2,#0X30
   20 00000014 F843 2B01       STR              R2,[R3],#1
   21 00000018 EA4F 1211       LSR              R2,R1,#4
   22 0000001C 2A09            CMP              R2,#9
   23 0000001E BF88 3237       ADDHI            R2,#0X37
   24 00000022 BF38 3230       ADDLO            R2,#0X30
   25 00000026 601A            STR              R2,[R3]
   26 00000028         
   27 00000028         STOP
   28 00000028 E7FE            B                STOP
   29 0000002A         
   30 0000002A 00 00 0000003A 
                       NUM     DCD              0x000003A
   31 00000030 00000000 
              00000000         AREA             data, DATA, READWRITE
   32 00000000 00000000 
                       RESULT  DCD              0
   33 00000004         
   34 00000004                 END
Command Line: --debug --xref --cpu=Cortex-M3 --apcs=interwork --depend=ASCII.d 
-oASCII.o -IC:\Keil\ARM\RV31\INC -IC:\Keil\ARM\CMSIS\Include -IC:\Keil\ARM\Inc\
NXP\LPC17xx --predefine="__EVAL SETA 1" --list=ASCII.lst ASCII.s



ARM Macro Assembler    Page 1 Alphabetic symbol ordering
Relocatable symbols

RESET 00000000

Symbol: RESET
   Definitions
      At line 1 in file ASCII.s
   Uses
      None
Comment: RESET unused
__Vectors 00000000

Symbol: __Vectors
   Definitions
      At line 3 in file ASCII.s
   Uses
      At line 2 in file ASCII.s
Comment: __Vectors used once
2 symbols



ARM Macro Assembler    Page 1 Alphabetic symbol ordering
Relocatable symbols

ENTRY 00000000

Symbol: ENTRY
   Definitions
      At line 8 in file ASCII.s
   Uses
      None
Comment: ENTRY unused
NUM 0000002C

Symbol: NUM
   Definitions
      At line 30 in file ASCII.s
   Uses
      At line 13 in file ASCII.s
Comment: NUM used once
Reset_Handler 00000000

Symbol: Reset_Handler
   Definitions
      At line 10 in file ASCII.s
   Uses
      At line 5 in file ASCII.s
      At line 9 in file ASCII.s

STOP 00000028

Symbol: STOP
   Definitions
      At line 27 in file ASCII.s
   Uses
      At line 28 in file ASCII.s
Comment: STOP used once
mycode 00000000

Symbol: mycode
   Definitions
      At line 7 in file ASCII.s
   Uses
      None
Comment: mycode unused
5 symbols



ARM Macro Assembler    Page 1 Alphabetic symbol ordering
Relocatable symbols

RESULT 00000000

Symbol: RESULT
   Definitions
      At line 32 in file ASCII.s
   Uses
      At line 14 in file ASCII.s
Comment: RESULT used once
data 00000000

Symbol: data
   Definitions
      At line 31 in file ASCII.s
   Uses
      None
Comment: data unused
2 symbols
342 symbols in table
