


ARM Macro Assembler    Page 1 


    1 00000000                 AREA             RESET,DATA,READONLY
    2 00000000                 EXPORT           __Vectors
    3 00000000         __Vectors
    4 00000000 40001000        DCD              0x40001000
    5 00000004 00000000        DCD              Reset_Handler
    6 00000008         
    7 00000008                 ALIGN
    8 00000008                 AREA             mycode,CODE,READONLY
    9 00000000         ENTRY
   10 00000000                 EXPORT           Reset_Handler
   11 00000000         Reset_Handler
   12 00000000         
   13 00000000 4809            LDR              R0, = DST
   14 00000002 490A            LDR              R1, = 0x10000024
   15 00000004 F100 0024       ADD              R0, #0x24
   16 00000008 F101 0124       ADD              R1, #0x24
   17 0000000C         
   18 0000000C F04F 030A       MOV              R3, #10
   19 00000010 6802    Start   LDR              R2, [R0]
   20 00000012 600A            STR              R2, [R1]
   21 00000014 F1A0 0004       SUB              R0, #4
   22 00000018 F1A1 0104       SUB              R1, #4
   23 0000001C F1A3 0301       SUB              R3, #1
   24 00000020 F093 0F00       TEQ              R3, #0
   25 00000024 D1F4            BNE              Start
   26 00000026         
   27 00000026         STOP
   28 00000026 E7FE            B                STOP
   29 00000028         
   30 00000028 00000000 
              10000024         AREA             DATASEG, DATA, READWRITE
   31 00000000 00000010 
              00000020 
              00000030 
              00000040 
              00000050 
              00000060 
              00000070 
              00000080 
              00000090 
              00000100 DST     DCD              0x10, 0x20, 0x30, 0x40, 0x50, 0
x60, 0x70, 0x80, 0x90, 0x0100
   32 00000028                 END
Command Line: --debug --xref --cpu=Cortex-M3 --apcs=interwork --depend=Q1b.d -o
Q1b.o -IC:\Keil\ARM\RV31\INC -IC:\Keil\ARM\CMSIS\Include -IC:\Keil\ARM\Inc\NXP\
LPC17xx --predefine="__EVAL SETA 1" --list=Q1b.lst Q1b.s



ARM Macro Assembler    Page 1 Alphabetic symbol ordering
Relocatable symbols

RESET 00000000

Symbol: RESET
   Definitions
      At line 1 in file Q1b.s
   Uses
      None
Comment: RESET unused
__Vectors 00000000

Symbol: __Vectors
   Definitions
      At line 3 in file Q1b.s
   Uses
      At line 2 in file Q1b.s
Comment: __Vectors used once
2 symbols



ARM Macro Assembler    Page 1 Alphabetic symbol ordering
Relocatable symbols

ENTRY 00000000

Symbol: ENTRY
   Definitions
      At line 9 in file Q1b.s
   Uses
      None
Comment: ENTRY unused
Reset_Handler 00000000

Symbol: Reset_Handler
   Definitions
      At line 11 in file Q1b.s
   Uses
      At line 5 in file Q1b.s
      At line 10 in file Q1b.s

STOP 00000026

Symbol: STOP
   Definitions
      At line 27 in file Q1b.s
   Uses
      At line 28 in file Q1b.s
Comment: STOP used once
Start 00000010

Symbol: Start
   Definitions
      At line 19 in file Q1b.s
   Uses
      At line 25 in file Q1b.s
Comment: Start used once
mycode 00000000

Symbol: mycode
   Definitions
      At line 8 in file Q1b.s
   Uses
      None
Comment: mycode unused
5 symbols



ARM Macro Assembler    Page 1 Alphabetic symbol ordering
Relocatable symbols

DATASEG 00000000

Symbol: DATASEG
   Definitions
      At line 30 in file Q1b.s
   Uses
      None
Comment: DATASEG unused
DST 00000000

Symbol: DST
   Definitions
      At line 31 in file Q1b.s
   Uses
      At line 13 in file Q1b.s
Comment: DST used once
2 symbols
342 symbols in table
