


ARM Macro Assembler    Page 1 


    1 00000000                 AREA             RESET, DATA, READONLY
    2 00000000                 EXPORT           __Vectors
    3 00000000         __Vectors
    4 00000000 10001000        DCD              0x10001000  ; stack pointer val
                                                            ue when stack is em
                                                            pty
    5 00000004 00000000        DCD              Reset_Handler ; reset vector
    6 00000008         
    7 00000008                 ALIGN
    8 00000008                 AREA             mycode, CODE, READONLY
    9 00000000         ENTRY
   10 00000000                 EXPORT           Reset_Handler
   11 00000000         Reset_Handler
   12 00000000         
   13 00000000 4810            LDR              R0,=SRC
   14 00000002 4911            LDR              R1,=DST
   15 00000004 F04F 030A       MOV              R3,#10
   16 00000008         
   17 00000008         back
   18 00000008 F850 2B04       LDR              R2,[R0],#4
   19 0000000C F841 2B04       STR              R2,[R1],#4
   20 00000010 F1A3 0301       SUB              R3,#1
   21 00000014 2B00            CMP              R3,#0
   22 00000016 D1F7            BNE              back
   23 00000018         STOP
   24 00000018 E7FE            B                STOP
   25 0000001A         
   26 0000001A         
   27 0000001A         
   28 0000001A         
   29 0000001A         
   30 0000001A 00 00 00000001 
              00000002 
              00000003 
              00000004 
              00000005 
              00000006 
              00000007 
              00000008 
              00000009 
              00000010 SRC     DCD              0x1,0x2,0x3,0x4,0x5,0x6,0x7,0x8
,0x9,0x10
   31 00000044         
   32 00000044 00000000 
              00000000         AREA             mydata, DATA, READWRITE
   33 00000000         
   34 00000000 00000000 
                       DST     DCD              0
   35 00000004         
   36 00000004                 END
Command Line: --debug --xref --cpu=Cortex-M3 --apcs=interwork --depend=Q1.d -oQ
1.o -IC:\Keil\ARM\RV31\INC -IC:\Keil\ARM\CMSIS\Include -IC:\Keil\ARM\Inc\NXP\LP
C17xx --predefine="__EVAL SETA 1" --list=Q1.lst Q1.s



ARM Macro Assembler    Page 1 Alphabetic symbol ordering
Relocatable symbols

RESET 00000000

Symbol: RESET
   Definitions
      At line 1 in file Q1.s
   Uses
      None
Comment: RESET unused
__Vectors 00000000

Symbol: __Vectors
   Definitions
      At line 3 in file Q1.s
   Uses
      At line 2 in file Q1.s
Comment: __Vectors used once
2 symbols



ARM Macro Assembler    Page 1 Alphabetic symbol ordering
Relocatable symbols

ENTRY 00000000

Symbol: ENTRY
   Definitions
      At line 9 in file Q1.s
   Uses
      None
Comment: ENTRY unused
Reset_Handler 00000000

Symbol: Reset_Handler
   Definitions
      At line 11 in file Q1.s
   Uses
      At line 5 in file Q1.s
      At line 10 in file Q1.s

SRC 0000001C

Symbol: SRC
   Definitions
      At line 30 in file Q1.s
   Uses
      At line 13 in file Q1.s
Comment: SRC used once
STOP 00000018

Symbol: STOP
   Definitions
      At line 23 in file Q1.s
   Uses
      At line 24 in file Q1.s
Comment: STOP used once
back 00000008

Symbol: back
   Definitions
      At line 17 in file Q1.s
   Uses
      At line 22 in file Q1.s
Comment: back used once
mycode 00000000

Symbol: mycode
   Definitions
      At line 8 in file Q1.s
   Uses
      None
Comment: mycode unused
6 symbols



ARM Macro Assembler    Page 1 Alphabetic symbol ordering
Relocatable symbols

DST 00000000

Symbol: DST
   Definitions
      At line 34 in file Q1.s
   Uses
      At line 14 in file Q1.s
Comment: DST used once
mydata 00000000

Symbol: mydata
   Definitions
      At line 32 in file Q1.s
   Uses
      None
Comment: mydata unused
2 symbols
343 symbols in table
