


ARM Macro Assembler    Page 1 


    1 00000000                 AREA             RESET,DATA,READONLY
    2 00000000                 EXPORT           __Vectors
    3 00000000         __Vectors
    4 00000000 10001000        DCD              0X10001000
    5 00000004 00000000        DCD              Reset_Handler
    6 00000008                 ALIGN
    7 00000008                 AREA             mycode,CODE,READONLY
    8 00000000         ENTRY
    9 00000000                 EXPORT           Reset_Handler
   10 00000000         Reset_Handler
   11 00000000         
   12 00000000 4911            LDR              R1,=N1
   13 00000002 4A12            LDR              R2,=N2
   14 00000004 4E12            LDR              R6,=RES
   15 00000006 F04F 0704       MOV              R7,#4
   16 0000000A         
   17 0000000A         LOOP
   18 0000000A F851 3B04       LDR              R3,[R1],#4
   19 0000000E F852 4B04       LDR              R4,[R2],#4
   20 00000012 EB54 0503       ADCS             R5,R4,R3
   21 00000016 F846 5B04       STR              R5,[R6],#4
   22 0000001A 3F01            SUBS             R7,#1
   23 0000001C D1F5            BNE              LOOP
   24 0000001E F158 0800       ADCS             R8,#0
   25 00000022 F8C6 8000       STR              R8,[R6]
   26 00000026         
   27 00000026         STOP
   28 00000026 E7FE            B                STOP
   29 00000028         
   30 00000028 12345ADC 
              85124632 
              7A8D4C59 
              1CAD2475 N1      DCD              0X12345ADC, 0X85124632, 0X7A8D4
C59, 0X1CAD2475
   31 00000038 6512ADC4 
              741FEDA6 
              AE892145 
              9631ED78 N2      DCD              0X6512ADC4, 0X741FEDA6, 0XAE892
145, 0X9631ED78
   32 00000048 00000000 
              00000000 
              00000000         AREA             mydata, DATA, READWRITE
   33 00000000         
   34 00000000 00000000 
                       RES     DCD              0
   35 00000004                 END
Command Line: --debug --xref --cpu=Cortex-M3 --apcs=interwork --depend=Q2.d -oQ
2.o -IC:\Keil\ARM\RV31\INC -IC:\Keil\ARM\CMSIS\Include -IC:\Keil\ARM\Inc\NXP\LP
C17xx --predefine="__EVAL SETA 1" --list=Q2.lst Q2.s



ARM Macro Assembler    Page 1 Alphabetic symbol ordering
Relocatable symbols

RESET 00000000

Symbol: RESET
   Definitions
      At line 1 in file Q2.s
   Uses
      None
Comment: RESET unused
__Vectors 00000000

Symbol: __Vectors
   Definitions
      At line 3 in file Q2.s
   Uses
      At line 2 in file Q2.s
Comment: __Vectors used once
2 symbols



ARM Macro Assembler    Page 1 Alphabetic symbol ordering
Relocatable symbols

ENTRY 00000000

Symbol: ENTRY
   Definitions
      At line 8 in file Q2.s
   Uses
      None
Comment: ENTRY unused
LOOP 0000000A

Symbol: LOOP
   Definitions
      At line 17 in file Q2.s
   Uses
      At line 23 in file Q2.s
Comment: LOOP used once
N1 00000028

Symbol: N1
   Definitions
      At line 30 in file Q2.s
   Uses
      At line 12 in file Q2.s
Comment: N1 used once
N2 00000038

Symbol: N2
   Definitions
      At line 31 in file Q2.s
   Uses
      At line 13 in file Q2.s
Comment: N2 used once
Reset_Handler 00000000

Symbol: Reset_Handler
   Definitions
      At line 10 in file Q2.s
   Uses
      At line 5 in file Q2.s
      At line 9 in file Q2.s

STOP 00000026

Symbol: STOP
   Definitions
      At line 27 in file Q2.s
   Uses
      At line 28 in file Q2.s
Comment: STOP used once
mycode 00000000

Symbol: mycode
   Definitions
      At line 7 in file Q2.s
   Uses
      None
Comment: mycode unused
7 symbols



ARM Macro Assembler    Page 1 Alphabetic symbol ordering
Relocatable symbols

RES 00000000

Symbol: RES
   Definitions
      At line 34 in file Q2.s
   Uses
      At line 14 in file Q2.s
Comment: RES used once
mydata 00000000

Symbol: mydata
   Definitions
      At line 32 in file Q2.s
   Uses
      None
Comment: mydata unused
2 symbols
344 symbols in table
